#
# There is insufficient memory for the Java Runtime Environment to continue.
# Native memory allocation (malloc) failed to allocate 128000 bytes for AllocateHeap
# Possible reasons:
#   The system is out of physical RAM or swap space
#   In 32 bit mode, the process size limit was hit
# Possible solutions:
#   Reduce memory load on the system
#   Increase physical memory or swap space
#   Check if swap backing store is full
#   Use 64 bit Java on a 64 bit OS
#   Decrease Java heap size (-Xmx/-Xms)
#   Decrease number of Java threads
#   Decrease Java thread stack sizes (-Xss)
#   Set larger code cache with -XX:ReservedCodeCacheSize=
# This output file may be truncated or incomplete.
#
#  Out of Memory Error (memory/allocation.inline.hpp:62), pid=22312, tid=31820
#
# JRE version: Java(TM) SE Runtime Environment (8.0_31-b13) (build 1.8.0_31-b13)
# Java VM: Java HotSpot(TM) 64-Bit Server VM (25.31-b07 mixed mode windows-amd64 compressed oops)
# Failed to write core dump. Minidumps are not enabled by default on client versions of Windows
#

---------------  T H R E A D  ---------------

Current thread (0x000000001a535000):  VMThread [stack: 0x000000001b5d0000,0x000000001b6d0000] [id=31820]

Stack: [0x000000001b5d0000,0x000000001b6d0000]
Native frames: (J=compiled Java code, j=interpreted, Vv=VM code, C=native code)
V  [jvm.dll+0x3169ba]
V  [jvm.dll+0x2674c3]
V  [jvm.dll+0x268103]
V  [jvm.dll+0x25f8f5]
V  [jvm.dll+0x2612ca]
V  [jvm.dll+0x431938]
V  [jvm.dll+0x679b3]
V  [jvm.dll+0x11a728]
V  [jvm.dll+0x8b62f]
V  [jvm.dll+0x83275]
V  [jvm.dll+0x6795d]
V  [jvm.dll+0x5956c]
V  [jvm.dll+0x6d964]
V  [jvm.dll+0x3dd4ff]
V  [jvm.dll+0x3dea20]
V  [jvm.dll+0x3defbb]
V  [jvm.dll+0xa16e5]
V  [jvm.dll+0x27af06]
V  [jvm.dll+0x232997]
V  [jvm.dll+0x231bd6]
V  [jvm.dll+0x232071]
V  [jvm.dll+0x23228e]
V  [jvm.dll+0x28576a]
C  [msvcr100.dll+0x21d9f]
C  [msvcr100.dll+0x21e3b]
C  [KERNEL32.DLL+0x11fe4]
C  [ntdll.dll+0x6f061]

VM_Operation (0x000000001e69daa0): CollectForMetadataAllocation, mode: safepoint, requested by thread 0x000000001c898000


---------------  P R O C E S S  ---------------

Java Threads: ( => current thread )
  0x000000001d551000 JavaThread "spring.cloud.inetutils" daemon [_thread_in_native, id=36652, stack(0x000000001eba0000,0x000000001eca0000)]
  0x000000001b922000 JavaThread "RMI Scheduler(0)" daemon [_thread_blocked, id=23496, stack(0x000000001e7a0000,0x000000001e8a0000)]
  0x000000001d428000 JavaThread "RMI TCP Connection(1)-192.168.159.1" daemon [_thread_in_native, id=29384, stack(0x000000001e6a0000,0x000000001e7a0000)]
  0x000000001c898000 JavaThread "background-preinit" [_thread_blocked, id=33448, stack(0x000000001e5a0000,0x000000001e6a0000)]
  0x000000001c61f000 JavaThread "RMI TCP Accept-0" daemon [_thread_in_native, id=17324, stack(0x000000001cdd0000,0x000000001ced0000)]
  0x000000001c49b000 JavaThread "Service Thread" daemon [_thread_blocked, id=35320, stack(0x000000001ccd0000,0x000000001cdd0000)]
  0x000000001c412800 JavaThread "C1 CompilerThread2" daemon [_thread_blocked, id=28976, stack(0x000000001cbd0000,0x000000001ccd0000)]
  0x000000001c411800 JavaThread "C2 CompilerThread1" daemon [_thread_blocked, id=21984, stack(0x000000001cad0000,0x000000001cbd0000)]
  0x000000001c411000 JavaThread "C2 CompilerThread0" daemon [_thread_blocked, id=37076, stack(0x000000001c9d0000,0x000000001cad0000)]
  0x000000001a5a8000 JavaThread "JDWP Command Reader" daemon [_thread_in_native, id=33492, stack(0x000000001c0d0000,0x000000001c1d0000)]
  0x000000001a5a0000 JavaThread "JDWP Event Helper Thread" daemon [_thread_blocked, id=24740, stack(0x000000001bfd0000,0x000000001c0d0000)]
  0x000000001a587800 JavaThread "JDWP Transport Listener: dt_socket" daemon [_thread_blocked, id=37448, stack(0x000000001bed0000,0x000000001bfd0000)]
  0x000000001b913000 JavaThread "Attach Listener" daemon [_thread_blocked, id=18748, stack(0x000000001bdd0000,0x000000001bed0000)]
  0x000000001b912800 JavaThread "Signal Dispatcher" daemon [_thread_blocked, id=36076, stack(0x000000001bcd0000,0x000000001bdd0000)]
  0x00000000058c8800 JavaThread "Finalizer" daemon [_thread_blocked, id=31840, stack(0x000000001b7d0000,0x000000001b8d0000)]
  0x000000001a537800 JavaThread "Reference Handler" daemon [_thread_blocked, id=31020, stack(0x000000001b6d0000,0x000000001b7d0000)]
  0x00000000057d9000 JavaThread "main" [_thread_blocked, id=35356, stack(0x00000000056d0000,0x00000000057d0000)]

Other Threads:
=>0x000000001a535000 VMThread [stack: 0x000000001b5d0000,0x000000001b6d0000] [id=31820]
  0x000000001c624000 WatcherThread [stack: 0x000000001ced0000,0x000000001cfd0000] [id=34060]

VM state:at safepoint (normal execution)

VM Mutex/Monitor currently owned by a thread:  ([mutex/lock_event])
[0x00000000057d0ed0] Threads_lock - owner thread: 0x000000001a535000
[0x00000000057d04d0] Heap_lock - owner thread: 0x000000001c898000

Heap:
 PSYoungGen      total 37888K, used 4333K [0x00000000d6100000, 0x00000000d8b00000, 0x0000000100000000)
  eden space 32768K, 0% used [0x00000000d6100000,0x00000000d6100000,0x00000000d8100000)
  from space 5120K, 84% used [0x00000000d8600000,0x00000000d8a3b720,0x00000000d8b00000)
  to   space 5120K, 0% used [0x00000000d8100000,0x00000000d8100000,0x00000000d8600000)
 ParOldGen       total 86016K, used 916K [0x0000000082200000, 0x0000000087600000, 0x00000000d6100000)
  object space 86016K, 1% used [0x0000000082200000,0x00000000822e5178,0x0000000087600000)
 Metaspace       used 14893K, capacity 15284K, committed 15360K, reserved 1069056K
  class space    used 1923K, capacity 2030K, committed 2048K, reserved 1048576K

Card table byte_map: [0x0000000014e60000,0x0000000015250000] byte_map_base: 0x0000000014a4f000

Marking Bits: (ParMarkBitMap*) 0x000000005fa0d4f0
 Begin Bits: [0x00000000158f0000, 0x0000000017868000)
 End Bits:   [0x0000000017868000, 0x00000000197e0000)

Polling page: 0x0000000000fd0000

CodeCache: size=245760Kb used=2981Kb max_used=2981Kb free=242778Kb
 bounds [0x0000000005aa0000, 0x0000000005d90000, 0x0000000014aa0000]
 total_blobs=1591 nmethods=1221 adapters=292
 compilation: enabled

Compilation events (10 events):
Event: 2.295 Thread 0x000000001c412800 1216       1       java.lang.invoke.DirectMethodHandle::fieldOffset (9 bytes)
Event: 2.295 Thread 0x000000001c412800 nmethod 1216 0x0000000005d87ed0 code [0x0000000005d88020, 0x0000000005d88150]
Event: 2.296 Thread 0x000000001c412800 1217       1       java.lang.invoke.MemberName::getType (19 bytes)
Event: 2.296 Thread 0x000000001c412800 nmethod 1217 0x0000000005d88210 code [0x0000000005d88380, 0x0000000005d884f8]
Event: 2.296 Thread 0x000000001c412800 1218       1       java.lang.invoke.TypeConvertingMethodAdapter::descriptorToName (36 bytes)
Event: 2.296 Thread 0x000000001c412800 nmethod 1218 0x0000000005d88590 code [0x0000000005d88720, 0x0000000005d889c8]
Event: 2.298 Thread 0x000000001c412800 1219       1       java.lang.invoke.LambdaForm$LFI/1499136125::interpret_L (17 bytes)
Event: 2.298 Thread 0x000000001c412800 nmethod 1219 0x0000000005d88c50 code [0x0000000005d88dc0, 0x0000000005d88fe8]
Event: 2.298 Thread 0x000000001c412800 1220       1       sun.reflect.annotation.AnnotatedTypeFactory::isArray (35 bytes)
Event: 2.299 Thread 0x000000001c412800 nmethod 1220 0x0000000005d89110 code [0x0000000005d89280, 0x0000000005d894a8]

GC Heap History (9 events):
Event: 1.422 GC heap before
{Heap before GC invocations=1 (full 0):
 PSYoungGen      total 37888K, used 32768K [0x00000000d6100000, 0x00000000d8b00000, 0x0000000100000000)
  eden space 32768K, 100% used [0x00000000d6100000,0x00000000d8100000,0x00000000d8100000)
  from space 5120K, 0% used [0x00000000d8600000,0x00000000d8600000,0x00000000d8b00000)
  to   space 5120K, 0% used [0x00000000d8100000,0x00000000d8100000,0x00000000d8600000)
 ParOldGen       total 86016K, used 0K [0x0000000082200000, 0x0000000087600000, 0x00000000d6100000)
  object space 86016K, 0% used [0x0000000082200000,0x0000000082200000,0x0000000087600000)
 Metaspace       used 9401K, capacity 9578K, committed 9984K, reserved 1060864K
  class space    used 1110K, capacity 1161K, committed 1280K, reserved 1048576K
Event: 1.430 GC heap after
Heap after GC invocations=1 (full 0):
 PSYoungGen      total 37888K, used 4116K [0x00000000d6100000, 0x00000000d8b00000, 0x0000000100000000)
  eden space 32768K, 0% used [0x00000000d6100000,0x00000000d6100000,0x00000000d8100000)
  from space 5120K, 80% used [0x00000000d8100000,0x00000000d85053c8,0x00000000d8600000)
  to   space 5120K, 0% used [0x00000000d8600000,0x00000000d8600000,0x00000000d8b00000)
 ParOldGen       total 86016K, used 16K [0x0000000082200000, 0x0000000087600000, 0x00000000d6100000)
  object space 86016K, 0% used [0x0000000082200000,0x0000000082204000,0x0000000087600000)
 Metaspace       used 9401K, capacity 9578K, committed 9984K, reserved 1060864K
  class space    used 1110K, capacity 1161K, committed 1280K, reserved 1048576K
}
Event: 1.954 GC heap before
{Heap before GC invocations=2 (full 0):
 PSYoungGen      total 37888K, used 36884K [0x00000000d6100000, 0x00000000d8b00000, 0x0000000100000000)
  eden space 32768K, 100% used [0x00000000d6100000,0x00000000d8100000,0x00000000d8100000)
  from space 5120K, 80% used [0x00000000d8100000,0x00000000d85053c8,0x00000000d8600000)
  to   space 5120K, 0% used [0x00000000d8600000,0x00000000d8600000,0x00000000d8b00000)
 ParOldGen       total 86016K, used 16K [0x0000000082200000, 0x0000000087600000, 0x00000000d6100000)
  object space 86016K, 0% used [0x0000000082200000,0x0000000082204000,0x0000000087600000)
 Metaspace       used 13105K, capacity 13412K, committed 13568K, reserved 1062912K
  class space    used 1619K, capacity 1702K, committed 1792K, reserved 1048576K
Event: 1.960 GC heap after
Heap after GC invocations=2 (full 0):
 PSYoungGen      total 37888K, used 5112K [0x00000000d6100000, 0x00000000d8b00000, 0x0000000100000000)
  eden space 32768K, 0% used [0x00000000d6100000,0x00000000d6100000,0x00000000d8100000)
  from space 5120K, 99% used [0x00000000d8600000,0x00000000d8afe2a0,0x00000000d8b00000)
  to   space 5120K, 0% used [0x00000000d8100000,0x00000000d8100000,0x00000000d8600000)
 ParOldGen       total 86016K, used 303K [0x0000000082200000, 0x0000000087600000, 0x00000000d6100000)
  object space 86016K, 0% used [0x0000000082200000,0x000000008224bd08,0x0000000087600000)
 Metaspace       used 13105K, capacity 13412K, committed 13568K, reserved 1062912K
  class space    used 1619K, capacity 1702K, committed 1792K, reserved 1048576K
}
Event: 2.301 GC heap before
{Heap before GC invocations=3 (full 0):
 PSYoungGen      total 37888K, used 37880K [0x00000000d6100000, 0x00000000d8b00000, 0x0000000100000000)
  eden space 32768K, 100% used [0x00000000d6100000,0x00000000d8100000,0x00000000d8100000)
  from space 5120K, 99% used [0x00000000d8600000,0x00000000d8afe2a0,0x00000000d8b00000)
  to   space 5120K, 0% used [0x00000000d8100000,0x00000000d8100000,0x00000000d8600000)
 ParOldGen       total 86016K, used 303K [0x0000000082200000, 0x0000000087600000, 0x00000000d6100000)
  object space 86016K, 0% used [0x0000000082200000,0x000000008224bd08,0x0000000087600000)
 Metaspace       used 14781K, capacity 15220K, committed 15360K, reserved 1064960K
  class space    used 1916K, capacity 2030K, committed 2048K, reserved 1048576K
Event: 2.305 GC heap after
Heap after GC invocations=3 (full 0):
 PSYoungGen      total 37888K, used 5093K [0x00000000d6100000, 0x00000000d8b00000, 0x0000000100000000)
  eden space 32768K, 0% used [0x00000000d6100000,0x00000000d6100000,0x00000000d8100000)
  from space 5120K, 99% used [0x00000000d8100000,0x00000000d85f97d0,0x00000000d8600000)
  to   space 5120K, 0% used [0x00000000d8600000,0x00000000d8600000,0x00000000d8b00000)
 ParOldGen       total 86016K, used 908K [0x0000000082200000, 0x0000000087600000, 0x00000000d6100000)
  object space 86016K, 1% used [0x0000000082200000,0x00000000822e3178,0x0000000087600000)
 Metaspace       used 14781K, capacity 15220K, committed 15360K, reserved 1064960K
  class space    used 1916K, capacity 2030K, committed 2048K, reserved 1048576K
}
Event: 2.313 GC heap before
{Heap before GC invocations=4 (full 0):
 PSYoungGen      total 37888K, used 6246K [0x00000000d6100000, 0x00000000d8b00000, 0x0000000100000000)
  eden space 32768K, 3% used [0x00000000d6100000,0x00000000d6220428,0x00000000d8100000)
  from space 5120K, 99% used [0x00000000d8100000,0x00000000d85f97d0,0x00000000d8600000)
  to   space 5120K, 0% used [0x00000000d8600000,0x00000000d8600000,0x00000000d8b00000)
 ParOldGen       total 86016K, used 908K [0x0000000082200000, 0x0000000087600000, 0x00000000d6100000)
  object space 86016K, 1% used [0x0000000082200000,0x00000000822e3178,0x0000000087600000)
 Metaspace       used 14893K, capacity 15284K, committed 15360K, reserved 1069056K
  class space    used 1923K, capacity 2030K, committed 2048K, reserved 1048576K
Event: 2.317 GC heap after
Heap after GC invocations=4 (full 0):
 PSYoungGen      total 37888K, used 4333K [0x00000000d6100000, 0x00000000d8b00000, 0x0000000100000000)
  eden space 32768K, 0% used [0x00000000d6100000,0x00000000d6100000,0x00000000d8100000)
  from space 5120K, 84% used [0x00000000d8600000,0x00000000d8a3b720,0x00000000d8b00000)
  to   space 5120K, 0% used [0x00000000d8100000,0x00000000d8100000,0x00000000d8600000)
 ParOldGen       total 86016K, used 916K [0x0000000082200000, 0x0000000087600000, 0x00000000d6100000)
  object space 86016K, 1% used [0x0000000082200000,0x00000000822e5178,0x0000000087600000)
 Metaspace       used 14893K, capacity 15284K, committed 15360K, reserved 1069056K
  class space    used 1923K, capacity 2030K, committed 2048K, reserved 1048576K
}
Event: 2.317 GC heap before
{Heap before GC invocations=5 (full 1):
 PSYoungGen      total 37888K, used 4333K [0x00000000d6100000, 0x00000000d8b00000, 0x0000000100000000)
  eden space 32768K, 0% used [0x00000000d6100000,0x00000000d6100000,0x00000000d8100000)
  from space 5120K, 84% used [0x00000000d8600000,0x00000000d8a3b720,0x00000000d8b00000)
  to   space 5120K, 0% used [0x00000000d8100000,0x00000000d8100000,0x00000000d8600000)
 ParOldGen       total 86016K, used 916K [0x0000000082200000, 0x0000000087600000, 0x00000000d6100000)
  object space 86016K, 1% used [0x0000000082200000,0x00000000822e5178,0x0000000087600000)
 Metaspace       used 14893K, capacity 15284K, committed 15360K, reserved 1069056K
  class space    used 1923K, capacity 2030K, committed 2048K, reserved 1048576K

Deoptimization events (0 events):
No events

Internal exceptions (10 events):
Event: 2.309 Thread 0x000000001c898000 Exception <a 'java/security/PrivilegedActionException'> (0x00000000d61697b8) thrown at [C:\workspace\8-2-build-windows-amd64-cygwin\jdk8u31\2394\hotspot\src\share\vm\prims\jvm.cpp, line 1312]
Event: 2.309 Thread 0x000000001c898000 Exception <a 'java/security/PrivilegedActionException'> (0x00000000d616a3c0) thrown at [C:\workspace\8-2-build-windows-amd64-cygwin\jdk8u31\2394\hotspot\src\share\vm\prims\jvm.cpp, line 1312]
Event: 2.309 Thread 0x000000001c898000 Exception <a 'java/security/PrivilegedActionException'> (0x00000000d6172070) thrown at [C:\workspace\8-2-build-windows-amd64-cygwin\jdk8u31\2394\hotspot\src\share\vm\prims\jvm.cpp, line 1312]
Event: 2.309 Thread 0x000000001c898000 Exception <a 'java/security/PrivilegedActionException'> (0x00000000d6181dd8) thrown at [C:\workspace\8-2-build-windows-amd64-cygwin\jdk8u31\2394\hotspot\src\share\vm\prims\jvm.cpp, line 1312]
Event: 2.310 Thread 0x000000001c898000 Exception <a 'java/security/PrivilegedActionException'> (0x00000000d618de70) thrown at [C:\workspace\8-2-build-windows-amd64-cygwin\jdk8u31\2394\hotspot\src\share\vm\prims\jvm.cpp, line 1312]
Event: 2.310 Thread 0x000000001c898000 Exception <a 'java/security/PrivilegedActionException'> (0x00000000d619df38) thrown at [C:\workspace\8-2-build-windows-amd64-cygwin\jdk8u31\2394\hotspot\src\share\vm\prims\jvm.cpp, line 1312]
Event: 2.311 Thread 0x000000001c898000 Exception <a 'java/security/PrivilegedActionException'> (0x00000000d61c2710) thrown at [C:\workspace\8-2-build-windows-amd64-cygwin\jdk8u31\2394\hotspot\src\share\vm\prims\jvm.cpp, line 1312]
Event: 2.311 Thread 0x000000001c898000 Exception <a 'java/security/PrivilegedActionException'> (0x00000000d61ceb50) thrown at [C:\workspace\8-2-build-windows-amd64-cygwin\jdk8u31\2394\hotspot\src\share\vm\prims\jvm.cpp, line 1312]
Event: 2.312 Thread 0x000000001c898000 Exception <a 'java/security/PrivilegedActionException'> (0x00000000d61e6050) thrown at [C:\workspace\8-2-build-windows-amd64-cygwin\jdk8u31\2394\hotspot\src\share\vm\prims\jvm.cpp, line 1312]
Event: 2.313 Thread 0x000000001c898000 Exception <a 'java/security/PrivilegedActionException'> (0x00000000d61fcf38) thrown at [C:\workspace\8-2-build-windows-amd64-cygwin\jdk8u31\2394\hotspot\src\share\vm\prims\jvm.cpp, line 1312]

Events (10 events):
Event: 2.313 Thread 0x000000001c898000 DEOPT UNPACKING pc=0x0000000005ae75bf sp=0x000000001e69bfb0 mode 1
Event: 2.313 Thread 0x000000001c898000 DEOPT PACKING pc=0x0000000005cc3adc sp=0x000000001e69c2e0
Event: 2.313 Thread 0x000000001c898000 DEOPT UNPACKING pc=0x0000000005ae75bf sp=0x000000001e69c010 mode 1
Event: 2.313 Thread 0x000000001c898000 DEOPT PACKING pc=0x0000000005c7bd3c sp=0x000000001e69cec0
Event: 2.313 Thread 0x000000001c898000 DEOPT UNPACKING pc=0x0000000005ae75bf sp=0x000000001e69cc08 mode 1
Event: 2.313 Thread 0x000000001c898000 DEOPT PACKING pc=0x0000000005c5ddf4 sp=0x000000001e69cf30
Event: 2.313 Thread 0x000000001c898000 DEOPT UNPACKING pc=0x0000000005ae75bf sp=0x000000001e69cd50 mode 1
Event: 2.313 Thread 0x000000001c898000 DEOPT PACKING pc=0x0000000005c5dd3c sp=0x000000001e69d0c0
Event: 2.313 Thread 0x000000001c898000 DEOPT UNPACKING pc=0x0000000005ae75bf sp=0x000000001e69cee0 mode 1
Event: 2.313 Executing VM operation: CollectForMetadataAllocation


Dynamic libraries:
0x00007ff7c7840000 - 0x00007ff7c7874000 	E:\jdk1.8.0_31\bin\java.exe
0x00007ffa20690000 - 0x00007ffa20870000 	C:\Windows\SYSTEM32\ntdll.dll
0x00007ffa1e6f0000 - 0x00007ffa1e79e000 	C:\Windows\System32\KERNEL32.DLL
0x00007ffa1d070000 - 0x00007ffa1d2d6000 	C:\Windows\System32\KERNELBASE.dll
0x00007ffa1eab0000 - 0x00007ffa1eb51000 	C:\Windows\System32\ADVAPI32.dll
0x00007ffa1ddb0000 - 0x00007ffa1de4d000 	C:\Windows\System32\msvcrt.dll
0x00007ffa1db90000 - 0x00007ffa1dbeb000 	C:\Windows\System32\sechost.dll
0x00007ffa1ef80000 - 0x00007ffa1f09f000 	C:\Windows\System32\RPCRT4.dll
0x00007ffa1eb70000 - 0x00007ffa1ecff000 	C:\Windows\System32\USER32.dll
0x00007ffa1cf50000 - 0x00007ffa1cf70000 	C:\Windows\System32\win32u.dll
0x00007ffa1f0a0000 - 0x00007ffa1f0c8000 	C:\Windows\System32\GDI32.dll
0x00007ffa1cbe0000 - 0x00007ffa1cd73000 	C:\Windows\System32\gdi32full.dll
0x00007ffa1cb40000 - 0x00007ffa1cbdb000 	C:\Windows\System32\msvcp_win.dll
0x00007ffa1cf70000 - 0x00007ffa1d066000 	C:\Windows\System32\ucrtbase.dll
0x00007ffa122e0000 - 0x00007ffa12549000 	C:\Windows\WinSxS\amd64_microsoft.windows.common-controls_6595b64144ccf1df_6.0.16299.402_none_15c8d4a49364b6d7\COMCTL32.dll
0x00007ffa1e7a0000 - 0x00007ffa1eaa8000 	C:\Windows\System32\combase.dll
0x00007ffa1cac0000 - 0x00007ffa1cb32000 	C:\Windows\System32\bcryptPrimitives.dll
0x00007ffa1e650000 - 0x00007ffa1e67d000 	C:\Windows\System32\IMM32.DLL
0x0000000060410000 - 0x00000000604e2000 	E:\jdk1.8.0_31\jre\bin\msvcr100.dll
0x000000005f230000 - 0x000000005fa8a000 	E:\jdk1.8.0_31\jre\bin\server\jvm.dll
0x00007ffa1eb60000 - 0x00007ffa1eb68000 	C:\Windows\System32\PSAPI.DLL
0x00007ffa1adc0000 - 0x00007ffa1adc9000 	C:\Windows\SYSTEM32\WSOCK32.dll
0x00007ffa1e680000 - 0x00007ffa1e6ec000 	C:\Windows\System32\WS2_32.dll
0x00007ffa176a0000 - 0x00007ffa176c3000 	C:\Windows\SYSTEM32\WINMM.dll
0x00007ffa17640000 - 0x00007ffa1766a000 	C:\Windows\SYSTEM32\WINMMBASE.dll
0x00007ffa1d3f0000 - 0x00007ffa1d43a000 	C:\Windows\System32\cfgmgr32.dll
0x0000000061b50000 - 0x0000000061b5f000 	E:\jdk1.8.0_31\jre\bin\verify.dll
0x00000000603e0000 - 0x0000000060408000 	E:\jdk1.8.0_31\jre\bin\java.dll
0x0000000060380000 - 0x00000000603b5000 	E:\jdk1.8.0_31\jre\bin\jdwp.dll
0x0000000060370000 - 0x0000000060378000 	E:\jdk1.8.0_31\jre\bin\npt.dll
0x000000005ed90000 - 0x000000005edb3000 	E:\jdk1.8.0_31\jre\bin\instrument.dll
0x00000000603c0000 - 0x00000000603d6000 	E:\jdk1.8.0_31\jre\bin\zip.dll
0x00007ffa1f0f0000 - 0x00007ffa20528000 	C:\Windows\System32\SHELL32.dll
0x00007ffa1ed00000 - 0x00007ffa1eda6000 	C:\Windows\System32\shcore.dll
0x00007ffa1d440000 - 0x00007ffa1db87000 	C:\Windows\System32\windows.storage.dll
0x00007ffa1ef20000 - 0x00007ffa1ef71000 	C:\Windows\System32\shlwapi.dll
0x00007ffa1caa0000 - 0x00007ffa1cab1000 	C:\Windows\System32\kernel.appcore.dll
0x00007ffa1ca50000 - 0x00007ffa1ca9c000 	C:\Windows\System32\powrprof.dll
0x00007ffa1ca30000 - 0x00007ffa1ca4b000 	C:\Windows\System32\profapi.dll
0x0000000060100000 - 0x0000000060109000 	E:\jdk1.8.0_31\jre\bin\dt_socket.dll
0x00007ffa1bed0000 - 0x00007ffa1bf36000 	C:\Windows\system32\mswsock.dll
0x000000005e9a0000 - 0x000000005e9ba000 	E:\jdk1.8.0_31\jre\bin\net.dll
0x00007ffa1bca0000 - 0x00007ffa1bd56000 	C:\Windows\SYSTEM32\DNSAPI.dll
0x00007ffa1dc50000 - 0x00007ffa1dc58000 	C:\Windows\System32\NSI.dll
0x00007ffa1bc60000 - 0x00007ffa1bc99000 	C:\Windows\SYSTEM32\IPHLPAPI.DLL
0x00007ffa140b0000 - 0x00007ffa140ba000 	C:\Windows\System32\rasadhlp.dll
0x00007ffa14650000 - 0x00007ffa146c0000 	C:\Windows\System32\fwpuclnt.dll
0x00007ffa1c6a0000 - 0x00007ffa1c6c5000 	C:\Windows\SYSTEM32\bcrypt.dll
0x00000000600f0000 - 0x00000000600fd000 	E:\jdk1.8.0_31\jre\bin\management.dll
0x000000005e1e0000 - 0x000000005e1f1000 	E:\jdk1.8.0_31\jre\bin\nio.dll
0x00007ffa1c6d0000 - 0x00007ffa1c6e7000 	C:\Windows\SYSTEM32\CRYPTSP.dll
0x00007ffa1bad0000 - 0x00007ffa1bb03000 	C:\Windows\system32\rsaenh.dll
0x00007ffa1c910000 - 0x00007ffa1c939000 	C:\Windows\SYSTEM32\USERENV.dll
0x00007ffa1c090000 - 0x00007ffa1c09b000 	C:\Windows\SYSTEM32\CRYPTBASE.dll
0x00007ffa15bb0000 - 0x00007ffa15bc6000 	C:\Windows\SYSTEM32\dhcpcsvc6.DLL
0x00007ffa15b90000 - 0x00007ffa15baa000 	C:\Windows\SYSTEM32\dhcpcsvc.DLL
0x00007ffa0a0f0000 - 0x00007ffa0a106000 	C:\Windows\system32\napinsp.dll
0x00007ffa09fe0000 - 0x00007ffa09ffa000 	C:\Windows\system32\pnrpnsp.dll
0x00007ffa18ec0000 - 0x00007ffa18ed8000 	C:\Windows\system32\NLAapi.dll
0x00007ffa09fd0000 - 0x00007ffa09fde000 	C:\Windows\System32\winrnr.dll
0x00007ffa09fb0000 - 0x00007ffa09fc5000 	C:\Windows\System32\wshbth.dll
0x00007ffa1c4d0000 - 0x00007ffa1c698000 	C:\Windows\SYSTEM32\dbghelp.dll

VM Arguments:
jvm_args: -agentlib:jdwp=transport=dt_socket,address=127.0.0.1:64908,suspend=y,server=n -XX:TieredStopAtLevel=1 -Xverify:none -Dspring.output.ansi.enabled=always -javaagent:C:\Users\Administrator\AppData\Local\JetBrains\IntelliJIdea2020.3\captureAgent\debugger-agent.jar -Dcom.sun.management.jmxremote -Dspring.jmx.enabled=true -Dspring.liveBeansView.mbeanDomain -Dspring.application.admin.enabled=true -Dfile.encoding=UTF-8 
java_command: com.it.ProductApplication
java_class_path (initial): E:\jdk1.8.0_31\jre\lib\charsets.jar;E:\jdk1.8.0_31\jre\lib\deploy.jar;E:\jdk1.8.0_31\jre\lib\ext\access-bridge-64.jar;E:\jdk1.8.0_31\jre\lib\ext\cldrdata.jar;E:\jdk1.8.0_31\jre\lib\ext\dnsns.jar;E:\jdk1.8.0_31\jre\lib\ext\jaccess.jar;E:\jdk1.8.0_31\jre\lib\ext\jfxrt.jar;E:\jdk1.8.0_31\jre\lib\ext\localedata.jar;E:\jdk1.8.0_31\jre\lib\ext\nashorn.jar;E:\jdk1.8.0_31\jre\lib\ext\sunec.jar;E:\jdk1.8.0_31\jre\lib\ext\sunjce_provider.jar;E:\jdk1.8.0_31\jre\lib\ext\sunmscapi.jar;E:\jdk1.8.0_31\jre\lib\ext\sunpkcs11.jar;E:\jdk1.8.0_31\jre\lib\ext\zipfs.jar;E:\jdk1.8.0_31\jre\lib\javaws.jar;E:\jdk1.8.0_31\jre\lib\jce.jar;E:\jdk1.8.0_31\jre\lib\jfr.jar;E:\jdk1.8.0_31\jre\lib\jfxswt.jar;E:\jdk1.8.0_31\jre\lib\jsse.jar;E:\jdk1.8.0_31\jre\lib\management-agent.jar;E:\jdk1.8.0_31\jre\lib\plugin.jar;E:\jdk1.8.0_31\jre\lib\resources.jar;E:\jdk1.8.0_31\jre\lib\rt.jar;E:\Java_Idea\springcloud-alibaba\shop-product\target\classes;E:\Java_Idea\springcloud-alibaba\shop-common\target\classes;E:\maven\serverRepository\org\springframework\boot\spring-boot-starter-data-jpa\2.1.3.RELEASE\spring-boot-starter-data-jpa-2.1.3.RELEASE.jar;E:\maven\serverRepository\org\springframework\boot\spring-boot-starter-jdbc\2.1.3.RELEASE\spring-boot-starter-jdbc-2.1.3.RELEASE.jar;E:\maven\serverRepository\com\zaxxer\HikariCP\3.2.0\HikariCP-3.2.0.jar;E:\maven\serverRepository\org\springframework\spring-jdbc\5.1.5.RELEASE\spring-jdbc-5.1.5.RELEASE.jar;E:\maven\serverRepository\javax\transaction\javax.transaction-api\1.3\javax.transaction-api-1.3.jar;E:\maven\serverRepository\javax\xml\bind\jaxb-api\2.3.1\jaxb-api-2.3.1.jar;E:\maven\serverRepository\javax\activation\javax.activation-api\1.2.0\javax.activation-api-1.2.0.jar;E:\maven\serverRepository\org\hibernate\hibernate-core\5.3.7.Final\hibernate-core-5.3.7.Final.jar;E:\maven\serverRepository\javax\persistence\javax.persistence-api\2.2\javax.persistence-api-2.2.jar;E:\maven\serverRepository\org\javassist\javassist\3.23.1-GA\javassi
Launcher Type: SUN_STANDARD

Environment Variables:
JAVA_HOME=E:\jdk1.8.0_31
CLASSPATH=.;E:\jdk1.8.0_31\lib;E:\jdk1.8.0_31\lib\tools.jar;E:\Tomcat\apache-tomcat-7.0.81\bin;
PATH=D:\app\Administrator\product\11.2.0\dbhome_1\bin;E:\jdk1.8.0_31\bin;E:\jdk1.8.0_31\jre\bin;C:\Windows\system32;C:\Windows;C:\Windows\System32\Wbem;E:\maven\apache-maven-3.5.0\bin;E:\SVN\Location\bin;E:\SVN\TortoiseSVN\bin;E:\Redis-x64-3.2.100\;E:\Git\cmd;D:\nodejs\;C:\Users\Administrator\AppData\Local\Microsoft\WindowsApps;;D:\IntelliJ IDEA 2020.3.4\bin;;C:\Users\Administrator\AppData\Roaming\npm
USERNAME=Administrator
OS=Windows_NT
PROCESSOR_IDENTIFIER=Intel64 Family 6 Model 78 Stepping 3, GenuineIntel



---------------  S Y S T E M  ---------------

OS: Windows 8.1 , 64 bit Build 9600 

CPU:total 4 (2 cores per cpu, 2 threads per core) family 6 model 78 stepping 3, cmov, cx8, fxsr, mmx, sse, sse2, sse3, ssse3, sse4.1, sse4.2, popcnt, avx, avx2, aes, clmul, erms, lzcnt, ht, tsc, tscinvbit, bmi1, bmi2

Memory: 4k page, physical 8246396k(215908k free), swap 23875376k(2124k free)

vm_info: Java HotSpot(TM) 64-Bit Server VM (25.31-b07) for windows-amd64 JRE (1.8.0_31-b13), built on Dec 17 2014 21:00:28 by "java_re" with MS VC++ 10.0 (VS2010)

time: Tue Dec 21 23:56:11 2021
elapsed time: 2 seconds (0d 0h 0m 2s)

